{
  "stats": {
    "suites": 1,
    "tests": 1,
    "passes": 1,
    "pending": 0,
    "failures": 0,
    "start": "2023-02-19T03:59:26.738Z",
    "end": "2023-02-19T04:00:07.022Z",
    "duration": 40284,
    "testsRegistered": 1,
    "passPercent": 100,
    "pendingPercent": 0,
    "other": 0,
    "hasOther": false,
    "skipped": 0,
    "hasSkipped": false
  },
  "results": [
    {
      "uuid": "192a5a9e-90f3-4515-91bc-f023c72f35b4",
      "title": "",
      "fullFile": "cypress\\e2e\\tests\\Test02_OrderProduct.cy.js",
      "file": "cypress\\e2e\\tests\\Test02_OrderProduct.cy.js",
      "beforeHooks": [],
      "afterHooks": [],
      "tests": [],
      "suites": [
        {
          "uuid": "2d1d8366-4d71-470b-883c-809c7711b215",
          "title": "Test: Order Product",
          "fullFile": "",
          "file": "",
          "beforeHooks": [],
          "afterHooks": [],
          "tests": [
            {
              "title": "User order product successfully without login",
              "fullTitle": "Test: Order Product User order product successfully without login",
              "timedOut": null,
              "duration": 40167,
              "state": "passed",
              "speed": "slow",
              "pass": true,
              "fail": false,
              "pending": false,
              "context": null,
              "code": "cy.visit(\"/\");\n_HomePage.default.hoverOnMenu(\"Women\");\n_HomePage.default.chooseCategory(\"Tops\");\n_ProductPage.default.chooseProduct(\"Celeste Sports Bra\");\n_ProductDetailPage.default.chooseProductSizeColor(\"XS\", \"Green\");\n_ProductDetailPage.default.clickViewCart();\n_ProductDetailPage.default.clickProceedToCheckout();\ncy.fixture('userData').then(userData => {\n  _OrderPage.default.fillInformations(userData);\n});\n_OrderPage.default.placeOder();\n_OrderPage.default.verifyOderSuccessfully();",
              "err": {},
              "uuid": "362c7808-e6af-409d-916f-c0417e2b48e8",
              "parentUUID": "2d1d8366-4d71-470b-883c-809c7711b215",
              "isHook": false,
              "skipped": false
            }
          ],
          "suites": [],
          "passes": [
            "362c7808-e6af-409d-916f-c0417e2b48e8"
          ],
          "failures": [],
          "pending": [],
          "skipped": [],
          "duration": 40167,
          "root": false,
          "rootEmpty": false,
          "_timeout": 2000
        }
      ],
      "passes": [],
      "failures": [],
      "pending": [],
      "skipped": [],
      "duration": 0,
      "root": true,
      "rootEmpty": true,
      "_timeout": 2000
    }
  ],
  "meta": {
    "mocha": {
      "version": "7.0.1"
    },
    "mochawesome": {
      "options": {
        "quiet": false,
        "reportFilename": "mochawesome",
        "saveHtml": false,
        "saveJson": true,
        "consoleReporter": "spec",
        "useInlineDiffs": false,
        "code": true
      },
      "version": "7.1.3"
    },
    "marge": {
      "options": {
        "charts": true,
        "embeddedScreeshots": true,
        "inlineAssets": true,
        "overwrite": false,
        "html": false,
        "json": true,
        "reportDir": "cypress\\reports\\html\\.jsons"
      },
      "version": "6.2.0"
    }
  }
}