{
  "stats": {
    "suites": 1,
    "tests": 1,
    "passes": 1,
    "pending": 0,
    "failures": 0,
    "start": "2023-02-19T04:23:59.994Z",
    "end": "2023-02-19T04:24:11.223Z",
    "duration": 11229,
    "testsRegistered": 1,
    "passPercent": 100,
    "pendingPercent": 0,
    "other": 0,
    "hasOther": false,
    "skipped": 0,
    "hasSkipped": false
  },
  "results": [
    {
      "uuid": "58dc70f6-0b68-490a-9614-9cfe3a5c1f75",
      "title": "",
      "fullFile": "cypress\\e2e\\tests\\Test01_CreateAccount.cy.js",
      "file": "cypress\\e2e\\tests\\Test01_CreateAccount.cy.js",
      "beforeHooks": [],
      "afterHooks": [],
      "tests": [],
      "suites": [
        {
          "uuid": "17658174-daf4-4774-913e-efc0ee3d478f",
          "title": "Test: Create Account",
          "fullFile": "",
          "file": "",
          "beforeHooks": [],
          "afterHooks": [],
          "tests": [
            {
              "title": "Fill all valid information then create an account successfully",
              "fullTitle": "Test: Create Account Fill all valid information then create an account successfully",
              "timedOut": null,
              "duration": 11171,
              "state": "passed",
              "speed": "slow",
              "pass": true,
              "fail": false,
              "pending": false,
              "context": null,
              "code": "cy.visit(\"customer/account/create/\");\ncy.request('https://6397e26877359127a041da3e.mockapi.io/users').then(response => {\n  cy.writeFile('cypress/fixtures/randomData.json', response.body);\n  cy.fixture('randomData').then(user => {\n    _RegisterPage.default.createNewAccount(user);\n    _RegisterPage.default.verifyCreateAccountSuccessfully(user);\n  });\n});",
              "err": {},
              "uuid": "1223f9e2-41a5-4166-b147-a2c7f8ad87b2",
              "parentUUID": "17658174-daf4-4774-913e-efc0ee3d478f",
              "isHook": false,
              "skipped": false
            }
          ],
          "suites": [],
          "passes": [
            "1223f9e2-41a5-4166-b147-a2c7f8ad87b2"
          ],
          "failures": [],
          "pending": [],
          "skipped": [],
          "duration": 11171,
          "root": false,
          "rootEmpty": false,
          "_timeout": 2000
        }
      ],
      "passes": [],
      "failures": [],
      "pending": [],
      "skipped": [],
      "duration": 0,
      "root": true,
      "rootEmpty": true,
      "_timeout": 2000
    }
  ],
  "meta": {
    "mocha": {
      "version": "7.0.1"
    },
    "mochawesome": {
      "options": {
        "quiet": false,
        "reportFilename": "mochawesome",
        "saveHtml": true,
        "saveJson": true,
        "consoleReporter": "spec",
        "useInlineDiffs": false,
        "code": true
      },
      "version": "7.1.3"
    },
    "marge": {
      "options": {
        "mochaFile": "results/my-test-output-[hash].xml"
      },
      "version": "6.2.0"
    }
  }
}